# JRE version: Java(TM) SE Runtime Environment (8.0_92-b14) (build 1.8.0_92-b14)
# Java VM: Java HotSpot(TM) 64-Bit Server VM (25.92-b14 mixed mode windows-amd64 compressed oops)
Heap:
 PSYoungGen      total 182272K, used 38094K [0x00000000d5f00000, 0x00000000e6c80000, 0x0000000100000000)
  eden space 165888K, 22% used [0x00000000d5f00000,0x00000000d8433bf0,0x00000000e0100000)
  from space 16384K, 0% used [0x00000000e0100000,0x00000000e0100000,0x00000000e1100000)
  to   space 15872K, 0% used [0x00000000e5d00000,0x00000000e5d00000,0x00000000e6c80000)
 ParOldGen       total 80896K, used 18812K [0x0000000081c00000, 0x0000000086b00000, 0x00000000d5f00000)
  object space 80896K, 23% used [0x0000000081c00000,0x0000000082e5f198,0x0000000086b00000)
 Metaspace       used 35956K, capacity 36576K, committed 36952K, reserved 1081344K
  class space    used 4709K, capacity 4873K, committed 4992K, reserved 1048576K
GC Heap History (10 events):
Event: 2.524 GC heap before
{Heap before GC invocations=7 (full 1):
 PSYoungGen      total 71680K, used 66560K [0x00000000d5f00000, 0x00000000df300000, 0x0000000100000000)
  eden space 66560K, 100% used [0x00000000d5f00000,0x00000000da000000,0x00000000da000000)
  from space 5120K, 0% used [0x00000000da000000,0x00000000da000000,0x00000000da500000)
  to   space 9216K, 0% used [0x00000000dea00000,0x00000000dea00000,0x00000000df300000)
 ParOldGen       total 56320K, used 7568K [0x0000000081c00000, 0x0000000085300000, 0x00000000d5f00000)
  object space 56320K, 13% used [0x0000000081c00000,0x0000000082364170,0x0000000085300000)
 Metaspace       used 25818K, capacity 26192K, committed 26496K, reserved 1073152K
  class space    used 3339K, capacity 3451K, committed 3456K, reserved 1048576K
Event: 2.532 GC heap after
Heap after GC invocations=7 (full 1):
 PSYoungGen      total 116736K, used 9211K [0x00000000d5f00000, 0x00000000df300000, 0x0000000100000000)
  eden space 107520K, 0% used [0x00000000d5f00000,0x00000000d5f00000,0x00000000dc800000)
  from space 9216K, 99% used [0x00000000dea00000,0x00000000df2fef98,0x00000000df300000)
  to   space 10752K, 0% used [0x00000000dde00000,0x00000000dde00000,0x00000000de880000)
 ParOldGen       total 56320K, used 8509K [0x0000000081c00000, 0x0000000085300000, 0x00000000d5f00000)
  object space 56320K, 15% used [0x0000000081c00000,0x000000008244f400,0x0000000085300000)
 Metaspace       used 25818K, capacity 26192K, committed 26496K, reserved 1073152K
  class space    used 3339K, capacity 3451K, committed 3456K, reserved 1048576K
}
Event: 3.600 GC heap before
{Heap before GC invocations=8 (full 1):
 PSYoungGen      total 116736K, used 116731K [0x00000000d5f00000, 0x00000000df300000, 0x0000000100000000)
  eden space 107520K, 100% used [0x00000000d5f00000,0x00000000dc800000,0x00000000dc800000)
  from space 9216K, 99% used [0x00000000dea00000,0x00000000df2fef98,0x00000000df300000)
  to   space 10752K, 0% used [0x00000000dde00000,0x00000000dde00000,0x00000000de880000)
 ParOldGen       total 56320K, used 8509K [0x0000000081c00000, 0x0000000085300000, 0x00000000d5f00000)
  object space 56320K, 15% used [0x0000000081c00000,0x000000008244f400,0x0000000085300000)
 Metaspace       used 31179K, capacity 31670K, committed 31872K, reserved 1077248K
  class space    used 4094K, capacity 4213K, committed 4224K, reserved 1048576K
Event: 3.610 GC heap after
Heap after GC invocations=8 (full 1):
 PSYoungGen      total 140800K, used 10750K [0x00000000d5f00000, 0x00000000e1e80000, 0x0000000100000000)
  eden space 130048K, 0% used [0x00000000d5f00000,0x00000000d5f00000,0x00000000dde00000)
  from space 10752K, 99% used [0x00000000dde00000,0x00000000de87f980,0x00000000de880000)
  to   space 13824K, 0% used [0x00000000e1100000,0x00000000e1100000,0x00000000e1e80000)
 ParOldGen       total 56320K, used 13047K [0x0000000081c00000, 0x0000000085300000, 0x00000000d5f00000)
  object space 56320K, 23% used [0x0000000081c00000,0x00000000828bdc80,0x0000000085300000)
 Metaspace       used 31179K, capacity 31670K, committed 31872K, reserved 1077248K
  class space    used 4094K, capacity 4213K, committed 4224K, reserved 1048576K
}
Event: 5.177 GC heap before
{Heap before GC invocations=9 (full 1):
 PSYoungGen      total 140800K, used 140798K [0x00000000d5f00000, 0x00000000e1e80000, 0x0000000100000000)
  eden space 130048K, 100% used [0x00000000d5f00000,0x00000000dde00000,0x00000000dde00000)
  from space 10752K, 99% used [0x00000000dde00000,0x00000000de87f980,0x00000000de880000)
  to   space 13824K, 0% used [0x00000000e1100000,0x00000000e1100000,0x00000000e1e80000)
 ParOldGen       total 56320K, used 13047K [0x0000000081c00000, 0x0000000085300000, 0x00000000d5f00000)
  object space 56320K, 23% used [0x0000000081c00000,0x00000000828bdc80,0x0000000085300000)
 Metaspace       used 34395K, capacity 34952K, committed 35200K, reserved 1079296K
  class space    used 4534K, capacity 4677K, committed 4736K, reserved 1048576K
Event: 5.187 GC heap after
Heap after GC invocations=9 (full 1):
 PSYoungGen      total 179712K, used 13808K [0x00000000d5f00000, 0x00000000e4080000, 0x0000000100000000)
  eden space 165888K, 0% used [0x00000000d5f00000,0x00000000d5f00000,0x00000000e0100000)
  from space 13824K, 99% used [0x00000000e1100000,0x00000000e1e7c338,0x00000000e1e80000)
  to   space 16384K, 0% used [0x00000000e0100000,0x00000000e0100000,0x00000000e1100000)
 ParOldGen       total 56320K, used 14713K [0x0000000081c00000, 0x0000000085300000, 0x00000000d5f00000)
  object space 56320K, 26% used [0x0000000081c00000,0x0000000082a5e618,0x0000000085300000)
 Metaspace       used 34395K, capacity 34952K, committed 35200K, reserved 1079296K
  class space    used 4534K, capacity 4677K, committed 4736K, reserved 1048576K
}
Event: 5.220 GC heap before
{Heap before GC invocations=10 (full 1):
 PSYoungGen      total 179712K, used 16415K [0x00000000d5f00000, 0x00000000e4080000, 0x0000000100000000)
  eden space 165888K, 1% used [0x00000000d5f00000,0x00000000d618bb70,0x00000000e0100000)
  from space 13824K, 99% used [0x00000000e1100000,0x00000000e1e7c338,0x00000000e1e80000)
  to   space 16384K, 0% used [0x00000000e0100000,0x00000000e0100000,0x00000000e1100000)
 ParOldGen       total 56320K, used 14713K [0x0000000081c00000, 0x0000000085300000, 0x00000000d5f00000)
  object space 56320K, 26% used [0x0000000081c00000,0x0000000082a5e618,0x0000000085300000)
 Metaspace       used 34732K, capacity 35240K, committed 35416K, reserved 1079296K
  class space    used 4570K, capacity 4709K, committed 4736K, reserved 1048576K
Event: 5.227 GC heap after
Heap after GC invocations=10 (full 1):
 PSYoungGen      total 182272K, used 7679K [0x00000000d5f00000, 0x00000000e6c80000, 0x0000000100000000)
  eden space 165888K, 0% used [0x00000000d5f00000,0x00000000d5f00000,0x00000000e0100000)
  from space 16384K, 46% used [0x00000000e0100000,0x00000000e087fc20,0x00000000e1100000)
  to   space 15872K, 0% used [0x00000000e5d00000,0x00000000e5d00000,0x00000000e6c80000)
 ParOldGen       total 56320K, used 19905K [0x0000000081c00000, 0x0000000085300000, 0x00000000d5f00000)
  object space 56320K, 35% used [0x0000000081c00000,0x0000000082f70758,0x0000000085300000)
 Metaspace       used 34732K, capacity 35240K, committed 35416K, reserved 1079296K
  class space    used 4570K, capacity 4709K, committed 4736K, reserved 1048576K
}
Event: 5.227 GC heap before
{Heap before GC invocations=11 (full 2):
 PSYoungGen      total 182272K, used 7679K [0x00000000d5f00000, 0x00000000e6c80000, 0x0000000100000000)
  eden space 165888K, 0% used [0x00000000d5f00000,0x00000000d5f00000,0x00000000e0100000)
  from space 16384K, 46% used [0x00000000e0100000,0x00000000e087fc20,0x00000000e1100000)
  to   space 15872K, 0% used [0x00000000e5d00000,0x00000000e5d00000,0x00000000e6c80000)
 ParOldGen       total 56320K, used 19905K [0x0000000081c00000, 0x0000000085300000, 0x00000000d5f00000)
  object space 56320K, 35% used [0x0000000081c00000,0x0000000082f70758,0x0000000085300000)
 Metaspace       used 34732K, capacity 35240K, committed 35416K, reserved 1079296K
  class space    used 4570K, capacity 4709K, committed 4736K, reserved 1048576K
Event: 5.299 GC heap after
Heap after GC invocations=11 (full 2):
 PSYoungGen      total 182272K, used 0K [0x00000000d5f00000, 0x00000000e6c80000, 0x0000000100000000)
  eden space 165888K, 0% used [0x00000000d5f00000,0x00000000d5f00000,0x00000000e0100000)
  from space 16384K, 0% used [0x00000000e0100000,0x00000000e0100000,0x00000000e1100000)
  to   space 15872K, 0% used [0x00000000e5d00000,0x00000000e5d00000,0x00000000e6c80000)
 ParOldGen       total 80896K, used 18812K [0x0000000081c00000, 0x0000000086b00000, 0x00000000d5f00000)
  object space 80896K, 23% used [0x0000000081c00000,0x0000000082e5f198,0x0000000086b00000)
 Metaspace       used 34732K, capacity 35240K, committed 35416K, reserved 1079296K
  class space    used 4570K, capacity 4709K, committed 4736K, reserved 1048576K
}

