# JRE version: Java(TM) SE Runtime Environment (8.0_92-b14) (build 1.8.0_92-b14)
# Java VM: Java HotSpot(TM) 64-Bit Server VM (25.92-b14 mixed mode windows-amd64 compressed oops)
Heap:
 PSYoungGen      total 180224K, used 42099K [0x00000000d5f00000, 0x00000000e4900000, 0x0000000100000000)
  eden space 163840K, 25% used [0x00000000d5f00000,0x00000000d881cf00,0x00000000dff00000)
  from space 16384K, 0% used [0x00000000dff00000,0x00000000dff00000,0x00000000e0f00000)
  to   space 15872K, 0% used [0x00000000e3980000,0x00000000e3980000,0x00000000e4900000)
 ParOldGen       total 93696K, used 19019K [0x0000000081c00000, 0x0000000087780000, 0x00000000d5f00000)
  object space 93696K, 20% used [0x0000000081c00000,0x0000000082e92f30,0x0000000087780000)
 Metaspace       used 36040K, capacity 36640K, committed 36952K, reserved 1081344K
  class space    used 4710K, capacity 4873K, committed 4992K, reserved 1048576K
GC Heap History (10 events):
Event: 2.045 GC heap before
{Heap before GC invocations=7 (full 1):
 PSYoungGen      total 71680K, used 66560K [0x00000000d5f00000, 0x00000000df300000, 0x0000000100000000)
  eden space 66560K, 100% used [0x00000000d5f00000,0x00000000da000000,0x00000000da000000)
  from space 5120K, 0% used [0x00000000da000000,0x00000000da000000,0x00000000da500000)
  to   space 9216K, 0% used [0x00000000dea00000,0x00000000dea00000,0x00000000df300000)
 ParOldGen       total 56832K, used 7469K [0x0000000081c00000, 0x0000000085380000, 0x00000000d5f00000)
  object space 56832K, 13% used [0x0000000081c00000,0x000000008234b5f0,0x0000000085380000)
 Metaspace       used 25738K, capacity 26138K, committed 26240K, reserved 1073152K
  class space    used 3326K, capacity 3426K, committed 3456K, reserved 1048576K
Event: 2.051 GC heap after
Heap after GC invocations=7 (full 1):
 PSYoungGen      total 115712K, used 9188K [0x00000000d5f00000, 0x00000000df300000, 0x0000000100000000)
  eden space 106496K, 0% used [0x00000000d5f00000,0x00000000d5f00000,0x00000000dc700000)
  from space 9216K, 99% used [0x00000000dea00000,0x00000000df2f9390,0x00000000df300000)
  to   space 10240K, 0% used [0x00000000ddf00000,0x00000000ddf00000,0x00000000de900000)
 ParOldGen       total 56832K, used 8372K [0x0000000081c00000, 0x0000000085380000, 0x00000000d5f00000)
  object space 56832K, 14% used [0x0000000081c00000,0x000000008242d140,0x0000000085380000)
 Metaspace       used 25738K, capacity 26138K, committed 26240K, reserved 1073152K
  class space    used 3326K, capacity 3426K, committed 3456K, reserved 1048576K
}
Event: 2.917 GC heap before
{Heap before GC invocations=8 (full 1):
 PSYoungGen      total 115712K, used 115684K [0x00000000d5f00000, 0x00000000df300000, 0x0000000100000000)
  eden space 106496K, 100% used [0x00000000d5f00000,0x00000000dc700000,0x00000000dc700000)
  from space 9216K, 99% used [0x00000000dea00000,0x00000000df2f9390,0x00000000df300000)
  to   space 10240K, 0% used [0x00000000ddf00000,0x00000000ddf00000,0x00000000de900000)
 ParOldGen       total 56832K, used 8372K [0x0000000081c00000, 0x0000000085380000, 0x00000000d5f00000)
  object space 56832K, 14% used [0x0000000081c00000,0x000000008242d140,0x0000000085380000)
 Metaspace       used 31536K, capacity 31990K, committed 32256K, reserved 1077248K
  class space    used 4136K, capacity 4277K, committed 4352K, reserved 1048576K
Event: 2.926 GC heap after
Heap after GC invocations=8 (full 1):
 PSYoungGen      total 141312K, used 10218K [0x00000000d5f00000, 0x00000000e1d00000, 0x0000000100000000)
  eden space 131072K, 0% used [0x00000000d5f00000,0x00000000d5f00000,0x00000000ddf00000)
  from space 10240K, 99% used [0x00000000ddf00000,0x00000000de8faaf0,0x00000000de900000)
  to   space 14336K, 0% used [0x00000000e0f00000,0x00000000e0f00000,0x00000000e1d00000)
 ParOldGen       total 56832K, used 13964K [0x0000000081c00000, 0x0000000085380000, 0x00000000d5f00000)
  object space 56832K, 24% used [0x0000000081c00000,0x00000000829a3170,0x0000000085380000)
 Metaspace       used 31536K, capacity 31990K, committed 32256K, reserved 1077248K
  class space    used 4136K, capacity 4277K, committed 4352K, reserved 1048576K
}
Event: 4.264 GC heap before
{Heap before GC invocations=9 (full 1):
 PSYoungGen      total 141312K, used 141290K [0x00000000d5f00000, 0x00000000e1d00000, 0x0000000100000000)
  eden space 131072K, 100% used [0x00000000d5f00000,0x00000000ddf00000,0x00000000ddf00000)
  from space 10240K, 99% used [0x00000000ddf00000,0x00000000de8faaf0,0x00000000de900000)
  to   space 14336K, 0% used [0x00000000e0f00000,0x00000000e0f00000,0x00000000e1d00000)
 ParOldGen       total 56832K, used 13964K [0x0000000081c00000, 0x0000000085380000, 0x00000000d5f00000)
  object space 56832K, 24% used [0x0000000081c00000,0x00000000829a3170,0x0000000085380000)
 Metaspace       used 34387K, capacity 34946K, committed 35200K, reserved 1079296K
  class space    used 4527K, capacity 4676K, committed 4736K, reserved 1048576K
Event: 4.274 GC heap after
Heap after GC invocations=9 (full 1):
 PSYoungGen      total 178176K, used 14334K [0x00000000d5f00000, 0x00000000e4080000, 0x0000000100000000)
  eden space 163840K, 0% used [0x00000000d5f00000,0x00000000d5f00000,0x00000000dff00000)
  from space 14336K, 99% used [0x00000000e0f00000,0x00000000e1cffa00,0x00000000e1d00000)
  to   space 16384K, 0% used [0x00000000dff00000,0x00000000dff00000,0x00000000e0f00000)
 ParOldGen       total 56832K, used 14142K [0x0000000081c00000, 0x0000000085380000, 0x00000000d5f00000)
  object space 56832K, 24% used [0x0000000081c00000,0x00000000829cf998,0x0000000085380000)
 Metaspace       used 34387K, capacity 34946K, committed 35200K, reserved 1079296K
  class space    used 4527K, capacity 4676K, committed 4736K, reserved 1048576K
}
Event: 7.663 GC heap before
{Heap before GC invocations=10 (full 1):
 PSYoungGen      total 178176K, used 27451K [0x00000000d5f00000, 0x00000000e4080000, 0x0000000100000000)
  eden space 163840K, 8% used [0x00000000d5f00000,0x00000000d6bcf2e8,0x00000000dff00000)
  from space 14336K, 99% used [0x00000000e0f00000,0x00000000e1cffa00,0x00000000e1d00000)
  to   space 16384K, 0% used [0x00000000dff00000,0x00000000dff00000,0x00000000e0f00000)
 ParOldGen       total 56832K, used 14142K [0x0000000081c00000, 0x0000000085380000, 0x00000000d5f00000)
  object space 56832K, 24% used [0x0000000081c00000,0x00000000829cf998,0x0000000085380000)
 Metaspace       used 34789K, capacity 35328K, committed 35416K, reserved 1079296K
  class space    used 4570K, capacity 4713K, committed 4736K, reserved 1048576K
Event: 7.669 GC heap after
Heap after GC invocations=10 (full 1):
 PSYoungGen      total 180224K, used 8031K [0x00000000d5f00000, 0x00000000e4900000, 0x0000000100000000)
  eden space 163840K, 0% used [0x00000000d5f00000,0x00000000d5f00000,0x00000000dff00000)
  from space 16384K, 49% used [0x00000000dff00000,0x00000000e06d7c20,0x00000000e0f00000)
  to   space 15872K, 0% used [0x00000000e3980000,0x00000000e3980000,0x00000000e4900000)
 ParOldGen       total 56832K, used 18473K [0x0000000081c00000, 0x0000000085380000, 0x00000000d5f00000)
  object space 56832K, 32% used [0x0000000081c00000,0x0000000082e0a458,0x0000000085380000)
 Metaspace       used 34789K, capacity 35328K, committed 35416K, reserved 1079296K
  class space    used 4570K, capacity 4713K, committed 4736K, reserved 1048576K
}
Event: 7.669 GC heap before
{Heap before GC invocations=11 (full 2):
 PSYoungGen      total 180224K, used 8031K [0x00000000d5f00000, 0x00000000e4900000, 0x0000000100000000)
  eden space 163840K, 0% used [0x00000000d5f00000,0x00000000d5f00000,0x00000000dff00000)
  from space 16384K, 49% used [0x00000000dff00000,0x00000000e06d7c20,0x00000000e0f00000)
  to   space 15872K, 0% used [0x00000000e3980000,0x00000000e3980000,0x00000000e4900000)
 ParOldGen       total 56832K, used 18473K [0x0000000081c00000, 0x0000000085380000, 0x00000000d5f00000)
  object space 56832K, 32% used [0x0000000081c00000,0x0000000082e0a458,0x0000000085380000)
 Metaspace       used 34789K, capacity 35328K, committed 35416K, reserved 1079296K
  class space    used 4570K, capacity 4713K, committed 4736K, reserved 1048576K
Event: 7.737 GC heap after
Heap after GC invocations=11 (full 2):
 PSYoungGen      total 180224K, used 0K [0x00000000d5f00000, 0x00000000e4900000, 0x0000000100000000)
  eden space 163840K, 0% used [0x00000000d5f00000,0x00000000d5f00000,0x00000000dff00000)
  from space 16384K, 0% used [0x00000000dff00000,0x00000000dff00000,0x00000000e0f00000)
  to   space 15872K, 0% used [0x00000000e3980000,0x00000000e3980000,0x00000000e4900000)
 ParOldGen       total 93696K, used 19019K [0x0000000081c00000, 0x0000000087780000, 0x00000000d5f00000)
  object space 93696K, 20% used [0x0000000081c00000,0x0000000082e92f30,0x0000000087780000)
 Metaspace       used 34789K, capacity 35328K, committed 35416K, reserved 1079296K
  class space    used 4570K, capacity 4713K, committed 4736K, reserved 1048576K
}

